# JRE version: Java(TM) SE Runtime Environment (8.0_261-b12) (build 1.8.0_261-b12)
# Java VM: Java HotSpot(TM) 64-Bit Server VM (25.261-b12 mixed mode windows-amd64 compressed oops)
Heap:
 PSYoungGen      total 59904K, used 22104K [0x00000000f5580000, 0x00000000f9a00000, 0x0000000100000000)
  eden space 51200K, 36% used [0x00000000f5580000,0x00000000f67c87b0,0x00000000f8780000)
  from space 8704K, 38% used [0x00000000f8780000,0x00000000f8acdb98,0x00000000f9000000)
  to   space 8704K, 0% used [0x00000000f9000000,0x00000000f9000000,0x00000000f9880000)
 ParOldGen       total 56832K, used 6777K [0x00000000e0000000, 0x00000000e3780000, 0x00000000f5580000)
  object space 56832K, 11% used [0x00000000e0000000,0x00000000e069e518,0x00000000e3780000)
 Metaspace       used 27594K, capacity 29188K, committed 29312K, reserved 1075200K
  class space    used 3765K, capacity 4128K, committed 4224K, reserved 1048576K
GC Heap History (10 events):
Event: 3.015 GC heap before
{Heap before GC invocations=4 (full 0):
 PSYoungGen      total 37888K, used 32640K [0x00000000f5580000, 0x00000000f7f80000, 0x0000000100000000)
  eden space 32768K, 83% used [0x00000000f5580000,0x00000000f7061448,0x00000000f7580000)
  from space 5120K, 99% used [0x00000000f7580000,0x00000000f7a7ec88,0x00000000f7a80000)
  to   space 5120K, 0% used [0x00000000f7a80000,0x00000000f7a80000,0x00000000f7f80000)
 ParOldGen       total 86016K, used 3399K [0x00000000e0000000, 0x00000000e5400000, 0x00000000f5580000)
  object space 86016K, 3% used [0x00000000e0000000,0x00000000e0351e18,0x00000000e5400000)
 Metaspace       used 19776K, capacity 21148K, committed 21248K, reserved 1067008K
  class space    used 2671K, capacity 2986K, committed 3072K, reserved 1048576K
Event: 3.021 GC heap after
Heap after GC invocations=4 (full 0):
 PSYoungGen      total 37888K, used 5112K [0x00000000f5580000, 0x00000000f9f80000, 0x0000000100000000)
  eden space 32768K, 0% used [0x00000000f5580000,0x00000000f5580000,0x00000000f7580000)
  from space 5120K, 99% used [0x00000000f7a80000,0x00000000f7f7e2b0,0x00000000f7f80000)
  to   space 5120K, 0% used [0x00000000f7580000,0x00000000f7580000,0x00000000f7a80000)
 ParOldGen       total 86016K, used 5177K [0x00000000e0000000, 0x00000000e5400000, 0x00000000f5580000)
  object space 86016K, 6% used [0x00000000e0000000,0x00000000e050e5c8,0x00000000e5400000)
 Metaspace       used 19776K, capacity 21148K, committed 21248K, reserved 1067008K
  class space    used 2671K, capacity 2986K, committed 3072K, reserved 1048576K
}
Event: 3.021 GC heap before
{Heap before GC invocations=5 (full 1):
 PSYoungGen      total 37888K, used 5112K [0x00000000f5580000, 0x00000000f9f80000, 0x0000000100000000)
  eden space 32768K, 0% used [0x00000000f5580000,0x00000000f5580000,0x00000000f7580000)
  from space 5120K, 99% used [0x00000000f7a80000,0x00000000f7f7e2b0,0x00000000f7f80000)
  to   space 5120K, 0% used [0x00000000f7580000,0x00000000f7580000,0x00000000f7a80000)
 ParOldGen       total 86016K, used 5177K [0x00000000e0000000, 0x00000000e5400000, 0x00000000f5580000)
  object space 86016K, 6% used [0x00000000e0000000,0x00000000e050e5c8,0x00000000e5400000)
 Metaspace       used 19776K, capacity 21148K, committed 21248K, reserved 1067008K
  class space    used 2671K, capacity 2986K, committed 3072K, reserved 1048576K
Event: 3.049 GC heap after
Heap after GC invocations=5 (full 1):
 PSYoungGen      total 37888K, used 0K [0x00000000f5580000, 0x00000000f9f80000, 0x0000000100000000)
  eden space 32768K, 0% used [0x00000000f5580000,0x00000000f5580000,0x00000000f7580000)
  from space 5120K, 0% used [0x00000000f7a80000,0x00000000f7a80000,0x00000000f7f80000)
  to   space 5120K, 0% used [0x00000000f7580000,0x00000000f7580000,0x00000000f7a80000)
 ParOldGen       total 56832K, used 6740K [0x00000000e0000000, 0x00000000e3780000, 0x00000000f5580000)
  object space 56832K, 11% used [0x00000000e0000000,0x00000000e06951e8,0x00000000e3780000)
 Metaspace       used 19776K, capacity 21148K, committed 21248K, reserved 1067008K
  class space    used 2671K, capacity 2986K, committed 3072K, reserved 1048576K
}
Event: 3.264 GC heap before
{Heap before GC invocations=6 (full 1):
 PSYoungGen      total 37888K, used 32768K [0x00000000f5580000, 0x00000000f9f80000, 0x0000000100000000)
  eden space 32768K, 100% used [0x00000000f5580000,0x00000000f7580000,0x00000000f7580000)
  from space 5120K, 0% used [0x00000000f7a80000,0x00000000f7a80000,0x00000000f7f80000)
  to   space 5120K, 0% used [0x00000000f7580000,0x00000000f7580000,0x00000000f7a80000)
 ParOldGen       total 56832K, used 6749K [0x00000000e0000000, 0x00000000e3780000, 0x00000000f5580000)
  object space 56832K, 11% used [0x00000000e0000000,0x00000000e0697420,0x00000000e3780000)
 Metaspace       used 21717K, capacity 23094K, committed 23296K, reserved 1069056K
  class space    used 3025K, capacity 3323K, committed 3328K, reserved 1048576K
Event: 3.266 GC heap after
Heap after GC invocations=6 (full 1):
 PSYoungGen      total 37888K, used 2798K [0x00000000f5580000, 0x00000000f9880000, 0x0000000100000000)
  eden space 32768K, 0% used [0x00000000f5580000,0x00000000f5580000,0x00000000f7580000)
  from space 5120K, 54% used [0x00000000f7580000,0x00000000f783bb68,0x00000000f7a80000)
  to   space 8704K, 0% used [0x00000000f9000000,0x00000000f9000000,0x00000000f9880000)
 ParOldGen       total 56832K, used 6749K [0x00000000e0000000, 0x00000000e3780000, 0x00000000f5580000)
  object space 56832K, 11% used [0x00000000e0000000,0x00000000e0697420,0x00000000e3780000)
 Metaspace       used 21717K, capacity 23094K, committed 23296K, reserved 1069056K
  class space    used 3025K, capacity 3323K, committed 3328K, reserved 1048576K
}
Event: 3.546 GC heap before
{Heap before GC invocations=7 (full 1):
 PSYoungGen      total 37888K, used 35566K [0x00000000f5580000, 0x00000000f9880000, 0x0000000100000000)
  eden space 32768K, 100% used [0x00000000f5580000,0x00000000f7580000,0x00000000f7580000)
  from space 5120K, 54% used [0x00000000f7580000,0x00000000f783bb68,0x00000000f7a80000)
  to   space 8704K, 0% used [0x00000000f9000000,0x00000000f9000000,0x00000000f9880000)
 ParOldGen       total 56832K, used 6777K [0x00000000e0000000, 0x00000000e3780000, 0x00000000f5580000)
  object space 56832K, 11% used [0x00000000e0000000,0x00000000e069e518,0x00000000e3780000)
 Metaspace       used 25255K, capacity 26746K, committed 26880K, reserved 1073152K
  class space    used 3446K, capacity 3787K, committed 3840K, reserved 1048576K
Event: 3.553 GC heap after
Heap after GC invocations=7 (full 1):
 PSYoungGen      total 59904K, used 4506K [0x00000000f5580000, 0x00000000f9a00000, 0x0000000100000000)
  eden space 51200K, 0% used [0x00000000f5580000,0x00000000f5580000,0x00000000f8780000)
  from space 8704K, 51% used [0x00000000f9000000,0x00000000f9466b30,0x00000000f9880000)
  to   space 8704K, 0% used [0x00000000f8780000,0x00000000f8780000,0x00000000f9000000)
 ParOldGen       total 56832K, used 6777K [0x00000000e0000000, 0x00000000e3780000, 0x00000000f5580000)
  object space 56832K, 11% used [0x00000000e0000000,0x00000000e069e518,0x00000000e3780000)
 Metaspace       used 25255K, capacity 26746K, committed 26880K, reserved 1073152K
  class space    used 3446K, capacity 3787K, committed 3840K, reserved 1048576K
}
Event: 3.670 GC heap before
{Heap before GC invocations=8 (full 1):
 PSYoungGen      total 59904K, used 55706K [0x00000000f5580000, 0x00000000f9a00000, 0x0000000100000000)
  eden space 51200K, 100% used [0x00000000f5580000,0x00000000f8780000,0x00000000f8780000)
  from space 8704K, 51% used [0x00000000f9000000,0x00000000f9466b30,0x00000000f9880000)
  to   space 8704K, 0% used [0x00000000f8780000,0x00000000f8780000,0x00000000f9000000)
 ParOldGen       total 56832K, used 6777K [0x00000000e0000000, 0x00000000e3780000, 0x00000000f5580000)
  object space 56832K, 11% used [0x00000000e0000000,0x00000000e069e518,0x00000000e3780000)
 Metaspace       used 26481K, capacity 27994K, committed 28288K, reserved 1073152K
  class space    used 3599K, capacity 3921K, committed 3968K, reserved 1048576K
Event: 3.675 GC heap after
Heap after GC invocations=8 (full 1):
 PSYoungGen      total 59904K, used 3382K [0x00000000f5580000, 0x00000000f9a00000, 0x0000000100000000)
  eden space 51200K, 0% used [0x00000000f5580000,0x00000000f5580000,0x00000000f8780000)
  from space 8704K, 38% used [0x00000000f8780000,0x00000000f8acdb98,0x00000000f9000000)
  to   space 8704K, 0% used [0x00000000f9000000,0x00000000f9000000,0x00000000f9880000)
 ParOldGen       total 56832K, used 6777K [0x00000000e0000000, 0x00000000e3780000, 0x00000000f5580000)
  object space 56832K, 11% used [0x00000000e0000000,0x00000000e069e518,0x00000000e3780000)
 Metaspace       used 26481K, capacity 27994K, committed 28288K, reserved 1073152K
  class space    used 3599K, capacity 3921K, committed 3968K, reserved 1048576K
}

