# JRE version: Java(TM) SE Runtime Environment (8.0_261-b12) (build 1.8.0_261-b12)
# Java VM: Java HotSpot(TM) 64-Bit Server VM (25.261-b12 mixed mode windows-amd64 compressed oops)
Heap:
 PSYoungGen      total 119808K, used 73882K [0x00000000f5580000, 0x00000000fdf00000, 0x0000000100000000)
  eden space 110592K, 66% used [0x00000000f5580000,0x00000000f9da68d0,0x00000000fc180000)
  from space 9216K, 0% used [0x00000000fd600000,0x00000000fd600000,0x00000000fdf00000)
  to   space 11264K, 0% used [0x00000000fc900000,0x00000000fc900000,0x00000000fd400000)
 ParOldGen       total 87040K, used 21396K [0x00000000e0000000, 0x00000000e5500000, 0x00000000f5580000)
  object space 87040K, 24% used [0x00000000e0000000,0x00000000e14e5270,0x00000000e5500000)
 Metaspace       used 57352K, capacity 60962K, committed 61272K, reserved 1101824K
  class space    used 8135K, capacity 8759K, committed 8832K, reserved 1048576K
GC Heap History (10 events):
Event: 5.631 GC heap before
{Heap before GC invocations=11 (full 2):
 PSYoungGen      total 96256K, used 7680K [0x00000000f5580000, 0x00000000fdf00000, 0x0000000100000000)
  eden space 87552K, 0% used [0x00000000f5580000,0x00000000f5580000,0x00000000fab00000)
  from space 8704K, 88% used [0x00000000fab00000,0x00000000fb280388,0x00000000fb380000)
  to   space 9216K, 0% used [0x00000000fd600000,0x00000000fd600000,0x00000000fdf00000)
 ParOldGen       total 55296K, used 8303K [0x00000000e0000000, 0x00000000e3600000, 0x00000000f5580000)
  object space 55296K, 15% used [0x00000000e0000000,0x00000000e081bca8,0x00000000e3600000)
 Metaspace       used 33320K, capacity 35358K, committed 35416K, reserved 1079296K
  class space    used 4550K, capacity 4957K, committed 4992K, reserved 1048576K
Event: 5.696 GC heap after
Heap after GC invocations=11 (full 2):
 PSYoungGen      total 96256K, used 0K [0x00000000f5580000, 0x00000000fdf00000, 0x0000000100000000)
  eden space 87552K, 0% used [0x00000000f5580000,0x00000000f5580000,0x00000000fab00000)
  from space 8704K, 0% used [0x00000000fab00000,0x00000000fab00000,0x00000000fb380000)
  to   space 9216K, 0% used [0x00000000fd600000,0x00000000fd600000,0x00000000fdf00000)
 ParOldGen       total 87040K, used 14041K [0x00000000e0000000, 0x00000000e5500000, 0x00000000f5580000)
  object space 87040K, 16% used [0x00000000e0000000,0x00000000e0db6608,0x00000000e5500000)
 Metaspace       used 33320K, capacity 35358K, committed 35416K, reserved 1079296K
  class space    used 4550K, capacity 4957K, committed 4992K, reserved 1048576K
}
Event: 7.322 GC heap before
{Heap before GC invocations=12 (full 2):
 PSYoungGen      total 96256K, used 87552K [0x00000000f5580000, 0x00000000fdf00000, 0x0000000100000000)
  eden space 87552K, 100% used [0x00000000f5580000,0x00000000fab00000,0x00000000fab00000)
  from space 8704K, 0% used [0x00000000fab00000,0x00000000fab00000,0x00000000fb380000)
  to   space 9216K, 0% used [0x00000000fd600000,0x00000000fd600000,0x00000000fdf00000)
 ParOldGen       total 87040K, used 14041K [0x00000000e0000000, 0x00000000e5500000, 0x00000000f5580000)
  object space 87040K, 16% used [0x00000000e0000000,0x00000000e0db6608,0x00000000e5500000)
 Metaspace       used 43209K, capacity 45444K, committed 45656K, reserved 1089536K
  class space    used 6035K, capacity 6450K, committed 6528K, reserved 1048576K
Event: 7.334 GC heap after
Heap after GC invocations=12 (full 2):
 PSYoungGen      total 119808K, used 9202K [0x00000000f5580000, 0x00000000fdf00000, 0x0000000100000000)
  eden space 110592K, 0% used [0x00000000f5580000,0x00000000f5580000,0x00000000fc180000)
  from space 9216K, 99% used [0x00000000fd600000,0x00000000fdefc850,0x00000000fdf00000)
  to   space 11264K, 0% used [0x00000000fc900000,0x00000000fc900000,0x00000000fd400000)
 ParOldGen       total 87040K, used 16252K [0x00000000e0000000, 0x00000000e5500000, 0x00000000f5580000)
  object space 87040K, 18% used [0x00000000e0000000,0x00000000e0fdf0d8,0x00000000e5500000)
 Metaspace       used 43209K, capacity 45444K, committed 45656K, reserved 1089536K
  class space    used 6035K, capacity 6450K, committed 6528K, reserved 1048576K
}
Event: 15.748 GC heap before
{Heap before GC invocations=13 (full 2):
 PSYoungGen      total 119808K, used 119794K [0x00000000f5580000, 0x00000000fdf00000, 0x0000000100000000)
  eden space 110592K, 100% used [0x00000000f5580000,0x00000000fc180000,0x00000000fc180000)
  from space 9216K, 99% used [0x00000000fd600000,0x00000000fdefc850,0x00000000fdf00000)
  to   space 11264K, 0% used [0x00000000fc900000,0x00000000fc900000,0x00000000fd400000)
 ParOldGen       total 87040K, used 16252K [0x00000000e0000000, 0x00000000e5500000, 0x00000000f5580000)
  object space 87040K, 18% used [0x00000000e0000000,0x00000000e0fdf0d8,0x00000000e5500000)
 Metaspace       used 53495K, capacity 56308K, committed 56408K, reserved 1097728K
  class space    used 7551K, capacity 8064K, committed 8064K, reserved 1048576K
Event: 15.764 GC heap after
Heap after GC invocations=13 (full 2):
 PSYoungGen      total 121856K, used 10960K [0x00000000f5580000, 0x00000000fdf00000, 0x0000000100000000)
  eden space 110592K, 0% used [0x00000000f5580000,0x00000000f5580000,0x00000000fc180000)
  from space 11264K, 97% used [0x00000000fc900000,0x00000000fd3b4320,0x00000000fd400000)
  to   space 9216K, 0% used [0x00000000fd600000,0x00000000fd600000,0x00000000fdf00000)
 ParOldGen       total 87040K, used 20215K [0x00000000e0000000, 0x00000000e5500000, 0x00000000f5580000)
  object space 87040K, 23% used [0x00000000e0000000,0x00000000e13bde00,0x00000000e5500000)
 Metaspace       used 53495K, capacity 56308K, committed 56408K, reserved 1097728K
  class space    used 7551K, capacity 8064K, committed 8064K, reserved 1048576K
}
Event: 16.572 GC heap before
{Heap before GC invocations=14 (full 2):
 PSYoungGen      total 121856K, used 64972K [0x00000000f5580000, 0x00000000fdf00000, 0x0000000100000000)
  eden space 110592K, 48% used [0x00000000f5580000,0x00000000f8a3eee0,0x00000000fc180000)
  from space 11264K, 97% used [0x00000000fc900000,0x00000000fd3b4320,0x00000000fd400000)
  to   space 9216K, 0% used [0x00000000fd600000,0x00000000fd600000,0x00000000fdf00000)
 ParOldGen       total 87040K, used 20215K [0x00000000e0000000, 0x00000000e5500000, 0x00000000f5580000)
  object space 87040K, 23% used [0x00000000e0000000,0x00000000e13bde00,0x00000000e5500000)
 Metaspace       used 55738K, capacity 59000K, committed 59028K, reserved 1099776K
  class space    used 7866K, capacity 8432K, committed 8448K, reserved 1048576K
Event: 16.579 GC heap after
Heap after GC invocations=14 (full 2):
 PSYoungGen      total 119808K, used 6959K [0x00000000f5580000, 0x00000000fdf00000, 0x0000000100000000)
  eden space 110592K, 0% used [0x00000000f5580000,0x00000000f5580000,0x00000000fc180000)
  from space 9216K, 75% used [0x00000000fd600000,0x00000000fdccbcf0,0x00000000fdf00000)
  to   space 11264K, 0% used [0x00000000fc900000,0x00000000fc900000,0x00000000fd400000)
 ParOldGen       total 87040K, used 20223K [0x00000000e0000000, 0x00000000e5500000, 0x00000000f5580000)
  object space 87040K, 23% used [0x00000000e0000000,0x00000000e13bfe00,0x00000000e5500000)
 Metaspace       used 55738K, capacity 59000K, committed 59028K, reserved 1099776K
  class space    used 7866K, capacity 8432K, committed 8448K, reserved 1048576K
}
Event: 16.579 GC heap before
{Heap before GC invocations=15 (full 3):
 PSYoungGen      total 119808K, used 6959K [0x00000000f5580000, 0x00000000fdf00000, 0x0000000100000000)
  eden space 110592K, 0% used [0x00000000f5580000,0x00000000f5580000,0x00000000fc180000)
  from space 9216K, 75% used [0x00000000fd600000,0x00000000fdccbcf0,0x00000000fdf00000)
  to   space 11264K, 0% used [0x00000000fc900000,0x00000000fc900000,0x00000000fd400000)
 ParOldGen       total 87040K, used 20223K [0x00000000e0000000, 0x00000000e5500000, 0x00000000f5580000)
  object space 87040K, 23% used [0x00000000e0000000,0x00000000e13bfe00,0x00000000e5500000)
 Metaspace       used 55738K, capacity 59000K, committed 59028K, reserved 1099776K
  class space    used 7866K, capacity 8432K, committed 8448K, reserved 1048576K
Event: 16.721 GC heap after
Heap after GC invocations=15 (full 3):
 PSYoungGen      total 119808K, used 0K [0x00000000f5580000, 0x00000000fdf00000, 0x0000000100000000)
  eden space 110592K, 0% used [0x00000000f5580000,0x00000000f5580000,0x00000000fc180000)
  from space 9216K, 0% used [0x00000000fd600000,0x00000000fd600000,0x00000000fdf00000)
  to   space 11264K, 0% used [0x00000000fc900000,0x00000000fc900000,0x00000000fd400000)
 ParOldGen       total 87040K, used 21396K [0x00000000e0000000, 0x00000000e5500000, 0x00000000f5580000)
  object space 87040K, 24% used [0x00000000e0000000,0x00000000e14e5270,0x00000000e5500000)
 Metaspace       used 55738K, capacity 59000K, committed 59028K, reserved 1099776K
  class space    used 7866K, capacity 8432K, committed 8448K, reserved 1048576K
}

